android/app/build/intermediates/manifest_merge_blame_file/debug/manifest-merger-blame-debug-report.txt
1<?xml version="1.0" encoding="utf-8"?>
2<manifest xmlns:android="http://schemas.android.com/apk/res/android"
3    package="io.ionic.starter"
4    android:versionCode="1"
5    android:versionName="1.0" >
6
7    <uses-sdk
8        android:minSdkVersion="21"
8-->src/main/AndroidManifest.xml
9        android:targetSdkVersion="30" />
9-->src/main/AndroidManifest.xml
10
11    <!-- Permissions -->
12
13    <uses-permission android:name="android.permission.INTERNET" />
13-->src/main/AndroidManifest.xml:40:5-67
13-->src/main/AndroidManifest.xml:40:22-64
14    <uses-permission android:name="android.permission.WRITE_EXTERNAL_STORAGE" />
14-->[:capacitor-cordova-android-plugins] AndroidManifest.xml:10:5-81
14-->[:capacitor-cordova-android-plugins] AndroidManifest.xml:10:22-78
15    <uses-permission android:name="android.permission.CAMERA" />
15-->[:capacitor-cordova-android-plugins] AndroidManifest.xml:11:5-65
15-->[:capacitor-cordova-android-plugins] AndroidManifest.xml:11:22-62
16    <uses-permission android:name="android.permission.FLASHLIGHT" />
16-->[:capacitor-cordova-android-plugins] AndroidManifest.xml:12:5-69
16-->[:capacitor-cordova-android-plugins] AndroidManifest.xml:12:22-66
17
18    <uses-feature
18-->[:capacitor-cordova-android-plugins] AndroidManifest.xml:14:5-16:35
19        android:name="android.hardware.camera"
19-->[:capacitor-cordova-android-plugins] AndroidManifest.xml:15:9-47
20        android:required="true" />
20-->[:capacitor-cordova-android-plugins] AndroidManifest.xml:16:9-32
21
22    <uses-permission android:name="android.permission.VIBRATE" />
22-->[:capacitor-haptics] AndroidManifest.xml:9:5-66
22-->[:capacitor-haptics] AndroidManifest.xml:9:22-63
23
24    <application
24-->src/main/AndroidManifest.xml:5:5-36:19
25        android:allowBackup="true"
25-->src/main/AndroidManifest.xml:6:9-35
26        android:appComponentFactory="androidx.core.app.CoreComponentFactory"
26-->[androidx.core:core:1.3.2] AndroidManifest.xml:24:18-86
27        android:debuggable="true"
28        android:icon="@mipmap/ic_launcher"
28-->src/main/AndroidManifest.xml:7:9-43
29        android:label="@string/app_name"
29-->src/main/AndroidManifest.xml:8:9-41
30        android:roundIcon="@mipmap/ic_launcher_round"
30-->src/main/AndroidManifest.xml:9:9-54
31        android:supportsRtl="true"
31-->src/main/AndroidManifest.xml:10:9-35
32        android:theme="@style/AppTheme" >
32-->src/main/AndroidManifest.xml:11:9-40
33        <activity
33-->src/main/AndroidManifest.xml:13:9-25:20
34            android:name="io.ionic.starter.MainActivity"
34-->src/main/AndroidManifest.xml:15:13-57
35            android:configChanges="orientation|keyboardHidden|keyboard|screenSize|locale|smallestScreenSize|screenLayout|uiMode"
35-->src/main/AndroidManifest.xml:14:13-129
36            android:label="@string/title_activity_main"
36-->src/main/AndroidManifest.xml:16:13-56
37            android:launchMode="singleTask"
37-->src/main/AndroidManifest.xml:18:13-44
38            android:theme="@style/AppTheme.NoActionBarLaunch" >
38-->src/main/AndroidManifest.xml:17:13-62
39            <intent-filter>
39-->src/main/AndroidManifest.xml:20:13-23:29
40                <action android:name="android.intent.action.MAIN" />
40-->src/main/AndroidManifest.xml:21:17-69
40-->src/main/AndroidManifest.xml:21:25-66
41
42                <category android:name="android.intent.category.LAUNCHER" />
42-->src/main/AndroidManifest.xml:22:17-77
42-->src/main/AndroidManifest.xml:22:27-74
43            </intent-filter>
44        </activity>
45
46        <provider
47            android:name="androidx.core.content.FileProvider"
47-->src/main/AndroidManifest.xml:28:13-62
48            android:authorities="io.ionic.starter.fileprovider"
48-->src/main/AndroidManifest.xml:29:13-64
49            android:exported="false"
49-->src/main/AndroidManifest.xml:30:13-37
50            android:grantUriPermissions="true" >
50-->src/main/AndroidManifest.xml:31:13-47
51            <meta-data
51-->src/main/AndroidManifest.xml:32:13-34:64
52                android:name="android.support.FILE_PROVIDER_PATHS"
52-->src/main/AndroidManifest.xml:33:17-67
53                android:resource="@xml/file_paths" />
53-->src/main/AndroidManifest.xml:34:17-51
54        </provider>
55        <provider
55-->[:capacitor-cordova-android-plugins] AndroidManifest.xml:19:9-27:20
56            android:name="org.apache.cordova.camera.FileProvider"
56-->[:capacitor-cordova-android-plugins] AndroidManifest.xml:20:13-66
57            android:authorities="io.ionic.starter.cordova.plugin.camera.provider"
57-->[:capacitor-cordova-android-plugins] AndroidManifest.xml:21:13-82
58            android:exported="false"
58-->[:capacitor-cordova-android-plugins] AndroidManifest.xml:22:13-37
59            android:grantUriPermissions="true" >
59-->[:capacitor-cordova-android-plugins] AndroidManifest.xml:23:13-47
60            <meta-data
60-->src/main/AndroidManifest.xml:32:13-34:64
61                android:name="android.support.FILE_PROVIDER_PATHS"
61-->src/main/AndroidManifest.xml:33:17-67
62                android:resource="@xml/camera_provider_paths" />
62-->src/main/AndroidManifest.xml:34:17-51
63        </provider>
64
65        <activity
65-->[:capacitor-cordova-android-plugins] AndroidManifest.xml:29:9-35:63
66            android:name="com.google.zxing.client.android.CaptureActivity"
66-->[:capacitor-cordova-android-plugins] AndroidManifest.xml:30:13-75
67            android:clearTaskOnLaunch="true"
67-->[:capacitor-cordova-android-plugins] AndroidManifest.xml:31:13-45
68            android:configChanges="orientation|keyboardHidden|screenSize"
68-->[:capacitor-cordova-android-plugins] AndroidManifest.xml:32:13-74
69            android:exported="false"
69-->[:capacitor-cordova-android-plugins] AndroidManifest.xml:33:13-37
70            android:theme="@android:style/Theme.NoTitleBar.Fullscreen"
70-->[:capacitor-cordova-android-plugins] AndroidManifest.xml:34:13-71
71            android:windowSoftInputMode="stateAlwaysHidden" />
71-->[:capacitor-cordova-android-plugins] AndroidManifest.xml:35:13-60
72        <activity
72-->[:capacitor-cordova-android-plugins] AndroidManifest.xml:36:9-38:37
73            android:name="com.google.zxing.client.android.encode.EncodeActivity"
73-->[:capacitor-cordova-android-plugins] AndroidManifest.xml:37:13-81
74            android:label="Share" />
74-->[:capacitor-cordova-android-plugins] AndroidManifest.xml:38:13-34
75    </application>
76
77</manifest>